\BOOKMARK [1][-]{section.1}{\376\377\133\236\145\160\174\373\166\204\127\372\147\054\133\232\164\006}{}% 1
\BOOKMARK [1][-]{section.2}{\376\377\145\160\122\027\116\016\121\375\145\160\147\201\226\120}{}% 2
\BOOKMARK [2][-]{subsection.2.1}{\376\377\145\160\122\027\147\201\226\120}{section.2}% 3
\BOOKMARK [2][-]{subsection.2.2}{\376\377\145\160\122\027\166\204\116\012\116\013\147\201\226\120}{section.2}% 4
\BOOKMARK [1][-]{section.3}{\376\377\217\336\176\355\121\375\145\160}{}% 5
\BOOKMARK [1][-]{section.4}{\376\377\116\000\121\103\137\256\122\006\133\146}{}% 6
\BOOKMARK [2][-]{subsection.4.1}{\376\377\133\374\145\160\116\016\137\256\122\006}{section.4}% 7
\BOOKMARK [2][-]{subsection.4.2}{\376\377\137\256\122\006\116\055\120\074\133\232\164\006\116\016\000T\000a\000y\000l\000o\000r\121\154\137\017}{section.4}% 8
\BOOKMARK [2][-]{subsection.4.3}{\376\377\123\125\117\247\133\374\145\160\166\204\140\047\215\050}{section.4}% 9
\BOOKMARK [1][-]{section.5}{\376\377\116\015\133\232\171\357\122\006}{}% 10
\BOOKMARK [1][-]{section.6}{\376\377\133\232\171\357\122\006}{}% 11
\BOOKMARK [2][-]{subsection.6.1}{\376\377\171\357\122\006\133\146\166\204\221\315\211\201\133\232\164\006}{section.6}% 12
\BOOKMARK [2][-]{subsection.6.2}{\376\377\133\232\171\357\122\006\166\204\140\047\215\050}{section.6}% 13
\BOOKMARK [2][-]{subsection.6.3}{\376\377\133\232\171\357\122\006\166\204\213\241\173\227}{section.6}% 14
\BOOKMARK [2][-]{subsection.6.4}{\376\377\171\357\122\006\117\060\213\241}{section.6}% 15
\BOOKMARK [2][-]{subsection.6.5}{\376\377\171\357\122\006\133\146\166\204\121\166\116\326\136\224\165\050}{section.6}% 16
\BOOKMARK [1][-]{section.7}{\376\377\116\015\173\111\137\017}{}% 17
\BOOKMARK [2][-]{subsection.7.1}{\376\377\137\256\122\006\133\146\221\315\211\201\116\015\173\111\137\017}{section.7}% 18
\BOOKMARK [2][-]{subsection.7.2}{\376\377\000J\000e\000n\000s\000e\000n\116\015\173\111\137\017}{section.7}% 19
\BOOKMARK [2][-]{subsection.7.3}{\376\377\000S\000c\000h\000w\000a\000r\000z\116\015\173\111\137\017}{section.7}% 20
\BOOKMARK [2][-]{subsection.7.4}{\376\377\000J\000o\000r\000d\000a\000n\116\015\173\111\137\017}{section.7}% 21
\BOOKMARK [1][-]{section.8}{\376\377\136\177\116\111\171\357\122\006}{}% 22
\BOOKMARK [2][-]{subsection.8.1}{\376\377\136\177\116\111\171\357\122\006\116\016\124\214\137\017\147\201\226\120}{section.8}% 23
\BOOKMARK [2][-]{subsection.8.2}{\376\377\136\177\116\111\171\357\122\006\166\204\145\133\145\143\140\047\122\044\122\053\154\325}{section.8}% 24
\BOOKMARK [2][-]{subsection.8.3}{\376\377\136\177\116\111\171\357\122\006\166\204\213\241\173\227}{section.8}% 25
\BOOKMARK [1][-]{section.9}{\376\377\145\160\230\171\176\247\145\160}{}% 26
